<?xml version="1.0" encoding="UTF-8"?>
<!-- Generated by org.testng.reporters.JUnitXMLReporter -->
<testsuite ignored="0" hostname="Pranav" failures="1" tests="1" name="Default test" time="19.042" errors="0" timestamp="2025-04-23T08:01:08 IST">
  <testcase classname="io.cucumber.testng.AbstractTestNGCucumberTests" name="runScenario" time="17.434">
    <failure type="java.lang.NullPointerException" message="Cannot read field &amp;quot;driver&amp;quot; because &amp;quot;this.testcontextsetup&amp;quot; is null">
      <![CDATA[java.lang.NullPointerException: Cannot read field "driver" because "this.testcontextsetup" is null
at pageObjects.logInpage.closeandReopenbrowser(logInpage.java:108)
at stepDefinations.Loginpage.i_close_and_reopen_the_browser(Loginpage.java:225)
at ✽.I close and reopen the browser(file:///C:/Users/Pranav/eclipse-workspace/elevatecucumber/src/test/java/features/login.feature:51)
]]>
    </failure>
  </testcase> <!-- runScenario -->
</testsuite> <!-- Default test -->
